<?xml version="1.0" encoding="UTF-8"?>
<!-- Generated by org.testng.reporters.JUnitReportReporter -->
<testsuite hostname="Bhagya" failures="0" tests="1" name="com.saucedemo.tests.AddToCartTest" time="5.895" errors="0" timestamp="2025-08-20T22:55:15 IST" skipped="0">
  <testcase classname="com.saucedemo.tests.AddToCartTest" name="testAddProductToCart" time="5.895"/>
</testsuite> <!-- com.saucedemo.tests.AddToCartTest -->
